<?xml version="1.0" encoding="UTF-8"?>
<testng-results ignored="0" total="1" passed="1" failed="0" skipped="0">
  <reporter-output>
  </reporter-output>
  <suite started-at="2024-07-15T21:34:35 OESZ" name="Default suite" finished-at="2024-07-15T21:34:38 OESZ" duration-ms="2229">
    <groups>
    </groups>
    <test started-at="2024-07-15T21:34:35 OESZ" name="Default test" finished-at="2024-07-15T21:34:38 OESZ" duration-ms="2229">
      <class name="tests.BaseComponentExample">
        <test-method is-config="true" signature="setup()[pri:0, instance:tests.BaseComponentExample@1b11171f]" started-at="2024-07-15T21:34:35 OESZ" name="setup" finished-at="2024-07-15T21:34:36 OESZ" duration-ms="305" status="PASS">
          <reporter-output>
          </reporter-output>
        </test-method> <!-- setup -->
        <test-method signature="createNewUser()[pri:1, instance:tests.BaseComponentExample@1b11171f]" started-at="2024-07-15T21:34:36 OESZ" name="createNewUser" finished-at="2024-07-15T21:34:38 OESZ" duration-ms="1897" status="PASS">
          <reporter-output>
          </reporter-output>
        </test-method> <!-- createNewUser -->
      </class> <!-- tests.BaseComponentExample -->
    </test> <!-- Default test -->
  </suite> <!-- Default suite -->
</testng-results>
