<?xml version="1.0" encoding="UTF-8"?>
<testng-results ignored="0" total="4" passed="4" failed="0" skipped="0">
  <reporter-output>
  </reporter-output>
  <suite started-at="2024-07-15T20:28:43 OESZ" name="Default suite" finished-at="2024-07-15T20:28:46 OESZ" duration-ms="3581">
    <groups>
    </groups>
    <test started-at="2024-07-15T20:28:43 OESZ" name="Default test" finished-at="2024-07-15T20:28:46 OESZ" duration-ms="3581">
      <class name="tests.CrudExamples">
        <test-method is-config="true" signature="setup()[pri:0, instance:tests.CrudExamples@71a8adcf]" started-at="2024-07-15T20:28:43 OESZ" name="setup" finished-at="2024-07-15T20:28:43 OESZ" duration-ms="411" status="PASS">
          <reporter-output>
          </reporter-output>
        </test-method> <!-- setup -->
        <test-method signature="createTodo()[pri:1, instance:tests.CrudExamples@71a8adcf]" started-at="2024-07-15T20:28:43 OESZ" name="createTodo" finished-at="2024-07-15T20:28:45 OESZ" duration-ms="1911" status="PASS">
          <reporter-output>
          </reporter-output>
        </test-method> <!-- createTodo -->
        <test-method signature="getTodo()[pri:2, instance:tests.CrudExamples@71a8adcf]" started-at="2024-07-15T20:28:45 OESZ" name="getTodo" finished-at="2024-07-15T20:28:46 OESZ" duration-ms="418" status="PASS">
          <reporter-output>
          </reporter-output>
        </test-method> <!-- getTodo -->
        <test-method signature="updateTodo()[pri:3, instance:tests.CrudExamples@71a8adcf]" started-at="2024-07-15T20:28:46 OESZ" name="updateTodo" finished-at="2024-07-15T20:28:46 OESZ" duration-ms="335" status="PASS">
          <reporter-output>
          </reporter-output>
        </test-method> <!-- updateTodo -->
        <test-method signature="deleteTodo()[pri:4, instance:tests.CrudExamples@71a8adcf]" started-at="2024-07-15T20:28:46 OESZ" name="deleteTodo" finished-at="2024-07-15T20:28:46 OESZ" duration-ms="477" status="PASS">
          <reporter-output>
          </reporter-output>
        </test-method> <!-- deleteTodo -->
      </class> <!-- tests.CrudExamples -->
    </test> <!-- Default test -->
  </suite> <!-- Default suite -->
</testng-results>
